This file contains any messages produced by compilers while
running configure, to aid debugging if configure makes a mistake.

It was created by matiec configure 0.1, which was
generated by GNU Autoconf 2.71.  Invocation command line was

  $ ./configure

## --------- ##
## Platform. ##
## --------- ##

hostname = gespant
uname -m = aarch64
uname -r = 6.6.51+rpt-rpi-2712
uname -s = Linux
uname -v = #1 SMP PREEMPT Debian 1:6.6.51-1+rpt3 (2024-10-08)

/usr/bin/uname -p = unknown
/bin/uname -X     = unknown

/bin/arch              = aarch64
/usr/bin/arch -k       = unknown
/usr/convex/getsysinfo = unknown
/usr/bin/hostinfo      = unknown
/bin/machine           = unknown
/usr/bin/oslevel       = unknown
/bin/universe          = unknown

PATH: /root/.vscode-server/cli/servers/Stable-17baf841131aa23349f217ca7c570c76ee87b957/server/bin/remote-cli/
PATH: /usr/local/sbin/
PATH: /usr/local/bin/
PATH: /usr/sbin/
PATH: /usr/bin/
PATH: /sbin/
PATH: /bin/
PATH: /root/.vscode-server/data/User/globalStorage/github.copilot-chat/debugCommand/


## ----------- ##
## Core tests. ##
## ----------- ##

configure:2813: looking for aux files: config.guess config.sub compile missing install-sh
configure:2826:  trying ./config/
configure:2855:   ./config/config.guess found
configure:2855:   ./config/config.sub found
configure:2855:   ./config/compile found
configure:2855:   ./config/missing found
configure:2837:   ./config/install-sh found
configure:2988: checking for a BSD-compatible install
configure:3061: result: /usr/bin/install -c
configure:3072: checking whether build environment is sane
configure:3127: result: yes
configure:3162: WARNING: 'missing' script is too old or missing
configure:3286: checking for a race-free mkdir -p
configure:3330: result: /usr/bin/mkdir -p
configure:3337: checking for gawk
configure:3372: result: no
configure:3337: checking for mawk
configure:3358: found /usr/bin/mawk
configure:3369: result: mawk
configure:3380: checking whether make sets $(MAKE)
configure:3403: result: yes
configure:3433: checking whether make supports nested variables
configure:3451: result: yes
configure:3602: checking for bison
configure:3623: found /usr/bin/bison
configure:3634: result: bison -y
configure:3659: checking whether make supports the include directive
configure:3674: make -f confmf.GNU && cat confinc.out
this is the am__doit target
configure:3677: $? = 0
configure:3696: result: yes (GNU style)
configure:3772: checking for gcc
configure:3793: found /usr/bin/gcc
configure:3804: result: gcc
configure:4157: checking for C compiler version
configure:4166: gcc --version >&5
gcc (Debian 12.2.0-14) 12.2.0
Copyright (C) 2022 Free Software Foundation, Inc.
This is free software; see the source for copying conditions.  There is NO
warranty; not even for MERCHANTABILITY or FITNESS FOR A PARTICULAR PURPOSE.

configure:4177: $? = 0
configure:4166: gcc -v >&5
Using built-in specs.
COLLECT_GCC=gcc
COLLECT_LTO_WRAPPER=/usr/lib/gcc/aarch64-linux-gnu/12/lto-wrapper
Target: aarch64-linux-gnu
Configured with: ../src/configure -v --with-pkgversion='Debian 12.2.0-14' --with-bugurl=file:///usr/share/doc/gcc-12/README.Bugs --enable-languages=c,ada,c++,go,d,fortran,objc,obj-c++,m2 --prefix=/usr --with-gcc-major-version-only --program-suffix=-12 --program-prefix=aarch64-linux-gnu- --enable-shared --enable-linker-build-id --libexecdir=/usr/lib --without-included-gettext --enable-threads=posix --libdir=/usr/lib --enable-nls --enable-clocale=gnu --enable-libstdcxx-debug --enable-libstdcxx-time=yes --with-default-libstdcxx-abi=new --enable-gnu-unique-object --disable-libquadmath --disable-libquadmath-support --enable-plugin --enable-default-pie --with-system-zlib --enable-libphobos-checking=release --with-target-system-zlib=auto --enable-objc-gc=auto --enable-multiarch --enable-fix-cortex-a53-843419 --disable-werror --enable-checking=release --build=aarch64-linux-gnu --host=aarch64-linux-gnu --target=aarch64-linux-gnu
Thread model: posix
Supported LTO compression algorithms: zlib zstd
gcc version 12.2.0 (Debian 12.2.0-14) 
configure:4177: $? = 0
configure:4166: gcc -V >&5
gcc: error: unrecognized command-line option '-V'
gcc: fatal error: no input files
compilation terminated.
configure:4177: $? = 1
configure:4166: gcc -qversion >&5
gcc: error: unrecognized command-line option '-qversion'; did you mean '--version'?
gcc: fatal error: no input files
compilation terminated.
configure:4177: $? = 1
configure:4166: gcc -version >&5
gcc: error: unrecognized command-line option '-version'
gcc: fatal error: no input files
compilation terminated.
configure:4177: $? = 1
configure:4197: checking whether the C compiler works
configure:4219: gcc    conftest.c  >&5
configure:4223: $? = 0
configure:4273: result: yes
configure:4276: checking for C compiler default output file name
configure:4278: result: a.out
configure:4284: checking for suffix of executables
configure:4291: gcc -o conftest    conftest.c  >&5
configure:4295: $? = 0
configure:4318: result: 
configure:4340: checking whether we are cross compiling
configure:4348: gcc -o conftest    conftest.c  >&5
configure:4352: $? = 0
configure:4359: ./conftest
configure:4363: $? = 0
configure:4378: result: no
configure:4383: checking for suffix of object files
configure:4406: gcc -c   conftest.c >&5
configure:4410: $? = 0
configure:4432: result: o
configure:4436: checking whether the compiler supports GNU C
configure:4456: gcc -c   conftest.c >&5
configure:4456: $? = 0
configure:4466: result: yes
configure:4477: checking whether gcc accepts -g
configure:4498: gcc -c -g  conftest.c >&5
configure:4498: $? = 0
configure:4542: result: yes
configure:4562: checking for gcc option to enable C11 features
configure:4577: gcc  -c   conftest.c >&5
configure:4577: $? = 0
configure:4595: result: none needed
configure:4711: checking whether gcc understands -c and -o together
configure:4734: gcc -c conftest.c -o conftest2.o
configure:4737: $? = 0
configure:4734: gcc -c conftest.c -o conftest2.o
configure:4737: $? = 0
configure:4749: result: yes
configure:4768: checking dependency style of gcc
configure:4880: result: gcc3
configure:4900: checking for flex
configure:4921: found /usr/bin/flex
configure:4932: result: flex
configure:4981: checking for lex output file root
configure:4994: flex conftest.l
configure:4998: $? = 0
configure:5006: result: lex.yy
configure:5021: checking for lex library
configure:5046: gcc -o conftest    conftest.c  >&5
configure:5046: $? = 0
configure:5059: result: none needed
configure:5074: checking for library containing yywrap
configure:5104: gcc -o conftest    conftest.c  >&5
/usr/bin/ld: /tmp/cc41WNVm.o: in function `main':
conftest.c:(.text+0x8): undefined reference to `yywrap'
collect2: error: ld returned 1 exit status
configure:5104: $? = 1
configure: failed program was:
| /* confdefs.h */
| #define PACKAGE_NAME "matiec"
| #define PACKAGE_TARNAME "matiec"
| #define PACKAGE_VERSION "0.1"
| #define PACKAGE_STRING "matiec 0.1"
| #define PACKAGE_BUGREPORT "msousa@fe.up.pt, beremiz-devel@lists.sourceforge.net"
| #define PACKAGE_URL ""
| #define PACKAGE "matiec"
| #define VERSION "0.1"
| /* end confdefs.h.  */
| 
| /* Override any GCC internal prototype to avoid an error.
|    Use char because int might match the return type of a GCC
|    builtin and then its argument prototype would still apply.  */
| char yywrap ();
| int
| main (void)
| {
| return yywrap ();
|   ;
|   return 0;
| }
configure:5104: gcc -o conftest    conftest.c -lfl   >&5
/usr/bin/ld: /usr/lib/gcc/aarch64-linux-gnu/12/../../../aarch64-linux-gnu/libfl.so: undefined reference to `yylex'
collect2: error: ld returned 1 exit status
configure:5104: $? = 1
configure: failed program was:
| /* confdefs.h */
| #define PACKAGE_NAME "matiec"
| #define PACKAGE_TARNAME "matiec"
| #define PACKAGE_VERSION "0.1"
| #define PACKAGE_STRING "matiec 0.1"
| #define PACKAGE_BUGREPORT "msousa@fe.up.pt, beremiz-devel@lists.sourceforge.net"
| #define PACKAGE_URL ""
| #define PACKAGE "matiec"
| #define VERSION "0.1"
| /* end confdefs.h.  */
| 
| /* Override any GCC internal prototype to avoid an error.
|    Use char because int might match the return type of a GCC
|    builtin and then its argument prototype would still apply.  */
| char yywrap ();
| int
| main (void)
| {
| return yywrap ();
|   ;
|   return 0;
| }
configure:5104: gcc -o conftest    conftest.c -ll   >&5
configure:5104: $? = 0
configure:5124: result: -ll
configure:5140: checking whether yytext is a pointer
configure:5156: gcc -c   conftest.c >&5
configure:5156: $? = 0
configure:5163: result: yes
configure:5244: checking for g++
configure:5265: found /usr/bin/g++
configure:5276: result: g++
configure:5303: checking for C++ compiler version
configure:5312: g++ --version >&5
g++ (Debian 12.2.0-14) 12.2.0
Copyright (C) 2022 Free Software Foundation, Inc.
This is free software; see the source for copying conditions.  There is NO
warranty; not even for MERCHANTABILITY or FITNESS FOR A PARTICULAR PURPOSE.

configure:5323: $? = 0
configure:5312: g++ -v >&5
Using built-in specs.
COLLECT_GCC=g++
COLLECT_LTO_WRAPPER=/usr/lib/gcc/aarch64-linux-gnu/12/lto-wrapper
Target: aarch64-linux-gnu
Configured with: ../src/configure -v --with-pkgversion='Debian 12.2.0-14' --with-bugurl=file:///usr/share/doc/gcc-12/README.Bugs --enable-languages=c,ada,c++,go,d,fortran,objc,obj-c++,m2 --prefix=/usr --with-gcc-major-version-only --program-suffix=-12 --program-prefix=aarch64-linux-gnu- --enable-shared --enable-linker-build-id --libexecdir=/usr/lib --without-included-gettext --enable-threads=posix --libdir=/usr/lib --enable-nls --enable-clocale=gnu --enable-libstdcxx-debug --enable-libstdcxx-time=yes --with-default-libstdcxx-abi=new --enable-gnu-unique-object --disable-libquadmath --disable-libquadmath-support --enable-plugin --enable-default-pie --with-system-zlib --enable-libphobos-checking=release --with-target-system-zlib=auto --enable-objc-gc=auto --enable-multiarch --enable-fix-cortex-a53-843419 --disable-werror --enable-checking=release --build=aarch64-linux-gnu --host=aarch64-linux-gnu --target=aarch64-linux-gnu
Thread model: posix
Supported LTO compression algorithms: zlib zstd
gcc version 12.2.0 (Debian 12.2.0-14) 
configure:5323: $? = 0
configure:5312: g++ -V >&5
g++: error: unrecognized command-line option '-V'
g++: fatal error: no input files
compilation terminated.
configure:5323: $? = 1
configure:5312: g++ -qversion >&5
g++: error: unrecognized command-line option '-qversion'; did you mean '--version'?
g++: fatal error: no input files
compilation terminated.
configure:5323: $? = 1
configure:5327: checking whether the compiler supports GNU C++
configure:5347: g++ -c   conftest.cpp >&5
configure:5347: $? = 0
configure:5357: result: yes
configure:5368: checking whether g++ accepts -g
configure:5389: g++ -c -g  conftest.cpp >&5
configure:5389: $? = 0
configure:5433: result: yes
configure:5453: checking for g++ option to enable C++11 features
configure:5468: g++  -c   conftest.cpp >&5
conftest.cpp: In function 'int main(int, char**)':
conftest.cpp:178:25: warning: empty parentheses were disambiguated as a function declaration [-Wvexing-parse]
  178 |   cxx11test::delegate d2();
      |                         ^~
conftest.cpp:178:25: note: remove parentheses to default-initialize a variable
  178 |   cxx11test::delegate d2();
      |                         ^~
      |                         --
conftest.cpp:178:25: note: or replace parentheses with braces to value-initialize a variable
configure:5468: $? = 0
configure:5486: result: none needed
configure:5552: checking dependency style of g++
configure:5664: result: gcc3
configure:5680: checking whether ln -s works
configure:5684: result: yes
configure:5691: checking whether make sets $(MAKE)
configure:5714: result: yes
configure:5771: checking for ranlib
configure:5792: found /usr/bin/ranlib
configure:5803: result: ranlib
configure:5829: checking for gawk
configure:5861: result: mawk
configure:5900: checking for stdio.h
configure:5900: gcc -c   conftest.c >&5
configure:5900: $? = 0
configure:5900: result: yes
configure:5900: checking for stdlib.h
configure:5900: gcc -c   conftest.c >&5
configure:5900: $? = 0
configure:5900: result: yes
configure:5900: checking for string.h
configure:5900: gcc -c   conftest.c >&5
configure:5900: $? = 0
configure:5900: result: yes
configure:5900: checking for inttypes.h
configure:5900: gcc -c   conftest.c >&5
configure:5900: $? = 0
configure:5900: result: yes
configure:5900: checking for stdint.h
configure:5900: gcc -c   conftest.c >&5
configure:5900: $? = 0
configure:5900: result: yes
configure:5900: checking for strings.h
configure:5900: gcc -c   conftest.c >&5
configure:5900: $? = 0
configure:5900: result: yes
configure:5900: checking for sys/stat.h
configure:5900: gcc -c   conftest.c >&5
configure:5900: $? = 0
configure:5900: result: yes
configure:5900: checking for sys/types.h
configure:5900: gcc -c   conftest.c >&5
configure:5900: $? = 0
configure:5900: result: yes
configure:5900: checking for unistd.h
configure:5900: gcc -c   conftest.c >&5
configure:5900: $? = 0
configure:5900: result: yes
configure:5900: checking for sys/time.h
configure:5900: gcc -c   conftest.c >&5
configure:5900: $? = 0
configure:5900: result: yes
configure:5925: checking for float.h
configure:5925: gcc -c   conftest.c >&5
configure:5925: $? = 0
configure:5925: result: yes
configure:5931: checking for limits.h
configure:5931: gcc -c   conftest.c >&5
configure:5931: $? = 0
configure:5931: result: yes
configure:5937: checking for stdint.h
configure:5937: result: yes
configure:5943: checking for stdlib.h
configure:5943: result: yes
configure:5949: checking for string.h
configure:5949: result: yes
configure:5955: checking for strings.h
configure:5955: result: yes
configure:5961: checking for sys/timeb.h
configure:5961: gcc -c   conftest.c >&5
configure:5961: $? = 0
configure:5961: result: yes
configure:5967: checking for unistd.h
configure:5967: result: yes
configure:5976: checking for _Bool
configure:5976: gcc -c   conftest.c >&5
configure:5976: $? = 0
configure:5976: gcc -c   conftest.c >&5
conftest.c: In function 'main':
conftest.c:62:20: error: expected expression before ')' token
   62 | if (sizeof ((_Bool)))
      |                    ^
configure:5976: $? = 1
configure: failed program was:
| /* confdefs.h */
| #define PACKAGE_NAME "matiec"
| #define PACKAGE_TARNAME "matiec"
| #define PACKAGE_VERSION "0.1"
| #define PACKAGE_STRING "matiec 0.1"
| #define PACKAGE_BUGREPORT "msousa@fe.up.pt, beremiz-devel@lists.sourceforge.net"
| #define PACKAGE_URL ""
| #define PACKAGE "matiec"
| #define VERSION "0.1"
| #define YYTEXT_POINTER 1
| #define HAVE_STDIO_H 1
| #define HAVE_STDLIB_H 1
| #define HAVE_STRING_H 1
| #define HAVE_INTTYPES_H 1
| #define HAVE_STDINT_H 1
| #define HAVE_STRINGS_H 1
| #define HAVE_SYS_STAT_H 1
| #define HAVE_SYS_TYPES_H 1
| #define HAVE_UNISTD_H 1
| #define HAVE_SYS_TIME_H 1
| #define STDC_HEADERS 1
| #define HAVE_FLOAT_H 1
| #define HAVE_LIMITS_H 1
| #define HAVE_STDINT_H 1
| #define HAVE_STDLIB_H 1
| #define HAVE_STRING_H 1
| #define HAVE_STRINGS_H 1
| #define HAVE_SYS_TIMEB_H 1
| #define HAVE_UNISTD_H 1
| /* end confdefs.h.  */
| #include <stddef.h>
| #ifdef HAVE_STDIO_H
| # include <stdio.h>
| #endif
| #ifdef HAVE_STDLIB_H
| # include <stdlib.h>
| #endif
| #ifdef HAVE_STRING_H
| # include <string.h>
| #endif
| #ifdef HAVE_INTTYPES_H
| # include <inttypes.h>
| #endif
| #ifdef HAVE_STDINT_H
| # include <stdint.h>
| #endif
| #ifdef HAVE_STRINGS_H
| # include <strings.h>
| #endif
| #ifdef HAVE_SYS_TYPES_H
| # include <sys/types.h>
| #endif
| #ifdef HAVE_SYS_STAT_H
| # include <sys/stat.h>
| #endif
| #ifdef HAVE_UNISTD_H
| # include <unistd.h>
| #endif
| int
| main (void)
| {
| if (sizeof ((_Bool)))
| 	    return 0;
|   ;
|   return 0;
| }
configure:5976: result: yes
configure:5985: checking for stdbool.h that conforms to C99
configure:6101: gcc -c   conftest.c >&5
configure:6101: $? = 0
configure:6109: result: yes
configure:6118: checking for inline
configure:6135: gcc -c   conftest.c >&5
configure:6135: $? = 0
configure:6144: result: inline
configure:6162: checking for int16_t
configure:6162: gcc -c   conftest.c >&5
configure:6162: $? = 0
configure:6162: gcc -c   conftest.c >&5
conftest.c: In function 'main':
conftest.c:65:12: error: size of array 'test_array' is negative
   65 | static int test_array [1 - 2 * !((int16_t) (((((int16_t) 1 << N) << N) - 1) * 2 + 1)
      |            ^~~~~~~~~~
configure:6162: $? = 1
configure: failed program was:
| /* confdefs.h */
| #define PACKAGE_NAME "matiec"
| #define PACKAGE_TARNAME "matiec"
| #define PACKAGE_VERSION "0.1"
| #define PACKAGE_STRING "matiec 0.1"
| #define PACKAGE_BUGREPORT "msousa@fe.up.pt, beremiz-devel@lists.sourceforge.net"
| #define PACKAGE_URL ""
| #define PACKAGE "matiec"
| #define VERSION "0.1"
| #define YYTEXT_POINTER 1
| #define HAVE_STDIO_H 1
| #define HAVE_STDLIB_H 1
| #define HAVE_STRING_H 1
| #define HAVE_INTTYPES_H 1
| #define HAVE_STDINT_H 1
| #define HAVE_STRINGS_H 1
| #define HAVE_SYS_STAT_H 1
| #define HAVE_SYS_TYPES_H 1
| #define HAVE_UNISTD_H 1
| #define HAVE_SYS_TIME_H 1
| #define STDC_HEADERS 1
| #define HAVE_FLOAT_H 1
| #define HAVE_LIMITS_H 1
| #define HAVE_STDINT_H 1
| #define HAVE_STDLIB_H 1
| #define HAVE_STRING_H 1
| #define HAVE_STRINGS_H 1
| #define HAVE_SYS_TIMEB_H 1
| #define HAVE_UNISTD_H 1
| #define HAVE__BOOL 1
| #define HAVE_STDBOOL_H 1
| /* end confdefs.h.  */
| #include <stddef.h>
| #ifdef HAVE_STDIO_H
| # include <stdio.h>
| #endif
| #ifdef HAVE_STDLIB_H
| # include <stdlib.h>
| #endif
| #ifdef HAVE_STRING_H
| # include <string.h>
| #endif
| #ifdef HAVE_INTTYPES_H
| # include <inttypes.h>
| #endif
| #ifdef HAVE_STDINT_H
| # include <stdint.h>
| #endif
| #ifdef HAVE_STRINGS_H
| # include <strings.h>
| #endif
| #ifdef HAVE_SYS_TYPES_H
| # include <sys/types.h>
| #endif
| #ifdef HAVE_SYS_STAT_H
| # include <sys/stat.h>
| #endif
| #ifdef HAVE_UNISTD_H
| # include <unistd.h>
| #endif
| 	        enum { N = 16 / 2 - 1 };
| int
| main (void)
| {
| static int test_array [1 - 2 * !((int16_t) (((((int16_t) 1 << N) << N) - 1) * 2 + 1)
| 		 < (int16_t) (((((int16_t) 1 << N) << N) - 1) * 2 + 2))];
| test_array [0] = 0;
| return test_array [0];
| 
|   ;
|   return 0;
| }
configure:6162: result: yes
configure:6171: checking for int32_t
configure:6171: gcc -c   conftest.c >&5
configure:6171: $? = 0
configure:6171: gcc -c   conftest.c >&5
conftest.c: In function 'main':
conftest.c:66:67: warning: integer overflow in expression of type 'int' results in '-2147483648' [-Woverflow]
   66 |                  < (int32_t) (((((int32_t) 1 << N) << N) - 1) * 2 + 2))];
      |                                                                   ^
conftest.c:65:12: error: storage size of 'test_array' isn't constant
   65 | static int test_array [1 - 2 * !((int32_t) (((((int32_t) 1 << N) << N) - 1) * 2 + 1)
      |            ^~~~~~~~~~
configure:6171: $? = 1
configure: failed program was:
| /* confdefs.h */
| #define PACKAGE_NAME "matiec"
| #define PACKAGE_TARNAME "matiec"
| #define PACKAGE_VERSION "0.1"
| #define PACKAGE_STRING "matiec 0.1"
| #define PACKAGE_BUGREPORT "msousa@fe.up.pt, beremiz-devel@lists.sourceforge.net"
| #define PACKAGE_URL ""
| #define PACKAGE "matiec"
| #define VERSION "0.1"
| #define YYTEXT_POINTER 1
| #define HAVE_STDIO_H 1
| #define HAVE_STDLIB_H 1
| #define HAVE_STRING_H 1
| #define HAVE_INTTYPES_H 1
| #define HAVE_STDINT_H 1
| #define HAVE_STRINGS_H 1
| #define HAVE_SYS_STAT_H 1
| #define HAVE_SYS_TYPES_H 1
| #define HAVE_UNISTD_H 1
| #define HAVE_SYS_TIME_H 1
| #define STDC_HEADERS 1
| #define HAVE_FLOAT_H 1
| #define HAVE_LIMITS_H 1
| #define HAVE_STDINT_H 1
| #define HAVE_STDLIB_H 1
| #define HAVE_STRING_H 1
| #define HAVE_STRINGS_H 1
| #define HAVE_SYS_TIMEB_H 1
| #define HAVE_UNISTD_H 1
| #define HAVE__BOOL 1
| #define HAVE_STDBOOL_H 1
| /* end confdefs.h.  */
| #include <stddef.h>
| #ifdef HAVE_STDIO_H
| # include <stdio.h>
| #endif
| #ifdef HAVE_STDLIB_H
| # include <stdlib.h>
| #endif
| #ifdef HAVE_STRING_H
| # include <string.h>
| #endif
| #ifdef HAVE_INTTYPES_H
| # include <inttypes.h>
| #endif
| #ifdef HAVE_STDINT_H
| # include <stdint.h>
| #endif
| #ifdef HAVE_STRINGS_H
| # include <strings.h>
| #endif
| #ifdef HAVE_SYS_TYPES_H
| # include <sys/types.h>
| #endif
| #ifdef HAVE_SYS_STAT_H
| # include <sys/stat.h>
| #endif
| #ifdef HAVE_UNISTD_H
| # include <unistd.h>
| #endif
| 	        enum { N = 32 / 2 - 1 };
| int
| main (void)
| {
| static int test_array [1 - 2 * !((int32_t) (((((int32_t) 1 << N) << N) - 1) * 2 + 1)
| 		 < (int32_t) (((((int32_t) 1 << N) << N) - 1) * 2 + 2))];
| test_array [0] = 0;
| return test_array [0];
| 
|   ;
|   return 0;
| }
configure:6171: result: yes
configure:6180: checking for int64_t
configure:6180: gcc -c   conftest.c >&5
configure:6180: $? = 0
configure:6180: gcc -c   conftest.c >&5
conftest.c: In function 'main':
conftest.c:66:67: warning: integer overflow in expression of type 'long int' results in '-9223372036854775808' [-Woverflow]
   66 |                  < (int64_t) (((((int64_t) 1 << N) << N) - 1) * 2 + 2))];
      |                                                                   ^
conftest.c:65:12: error: storage size of 'test_array' isn't constant
   65 | static int test_array [1 - 2 * !((int64_t) (((((int64_t) 1 << N) << N) - 1) * 2 + 1)
      |            ^~~~~~~~~~
configure:6180: $? = 1
configure: failed program was:
| /* confdefs.h */
| #define PACKAGE_NAME "matiec"
| #define PACKAGE_TARNAME "matiec"
| #define PACKAGE_VERSION "0.1"
| #define PACKAGE_STRING "matiec 0.1"
| #define PACKAGE_BUGREPORT "msousa@fe.up.pt, beremiz-devel@lists.sourceforge.net"
| #define PACKAGE_URL ""
| #define PACKAGE "matiec"
| #define VERSION "0.1"
| #define YYTEXT_POINTER 1
| #define HAVE_STDIO_H 1
| #define HAVE_STDLIB_H 1
| #define HAVE_STRING_H 1
| #define HAVE_INTTYPES_H 1
| #define HAVE_STDINT_H 1
| #define HAVE_STRINGS_H 1
| #define HAVE_SYS_STAT_H 1
| #define HAVE_SYS_TYPES_H 1
| #define HAVE_UNISTD_H 1
| #define HAVE_SYS_TIME_H 1
| #define STDC_HEADERS 1
| #define HAVE_FLOAT_H 1
| #define HAVE_LIMITS_H 1
| #define HAVE_STDINT_H 1
| #define HAVE_STDLIB_H 1
| #define HAVE_STRING_H 1
| #define HAVE_STRINGS_H 1
| #define HAVE_SYS_TIMEB_H 1
| #define HAVE_UNISTD_H 1
| #define HAVE__BOOL 1
| #define HAVE_STDBOOL_H 1
| /* end confdefs.h.  */
| #include <stddef.h>
| #ifdef HAVE_STDIO_H
| # include <stdio.h>
| #endif
| #ifdef HAVE_STDLIB_H
| # include <stdlib.h>
| #endif
| #ifdef HAVE_STRING_H
| # include <string.h>
| #endif
| #ifdef HAVE_INTTYPES_H
| # include <inttypes.h>
| #endif
| #ifdef HAVE_STDINT_H
| # include <stdint.h>
| #endif
| #ifdef HAVE_STRINGS_H
| # include <strings.h>
| #endif
| #ifdef HAVE_SYS_TYPES_H
| # include <sys/types.h>
| #endif
| #ifdef HAVE_SYS_STAT_H
| # include <sys/stat.h>
| #endif
| #ifdef HAVE_UNISTD_H
| # include <unistd.h>
| #endif
| 	        enum { N = 64 / 2 - 1 };
| int
| main (void)
| {
| static int test_array [1 - 2 * !((int64_t) (((((int64_t) 1 << N) << N) - 1) * 2 + 1)
| 		 < (int64_t) (((((int64_t) 1 << N) << N) - 1) * 2 + 2))];
| test_array [0] = 0;
| return test_array [0];
| 
|   ;
|   return 0;
| }
configure:6180: result: yes
configure:6189: checking for int8_t
configure:6189: gcc -c   conftest.c >&5
configure:6189: $? = 0
configure:6189: gcc -c   conftest.c >&5
conftest.c: In function 'main':
conftest.c:65:12: error: size of array 'test_array' is negative
   65 | static int test_array [1 - 2 * !((int8_t) (((((int8_t) 1 << N) << N) - 1) * 2 + 1)
      |            ^~~~~~~~~~
configure:6189: $? = 1
configure: failed program was:
| /* confdefs.h */
| #define PACKAGE_NAME "matiec"
| #define PACKAGE_TARNAME "matiec"
| #define PACKAGE_VERSION "0.1"
| #define PACKAGE_STRING "matiec 0.1"
| #define PACKAGE_BUGREPORT "msousa@fe.up.pt, beremiz-devel@lists.sourceforge.net"
| #define PACKAGE_URL ""
| #define PACKAGE "matiec"
| #define VERSION "0.1"
| #define YYTEXT_POINTER 1
| #define HAVE_STDIO_H 1
| #define HAVE_STDLIB_H 1
| #define HAVE_STRING_H 1
| #define HAVE_INTTYPES_H 1
| #define HAVE_STDINT_H 1
| #define HAVE_STRINGS_H 1
| #define HAVE_SYS_STAT_H 1
| #define HAVE_SYS_TYPES_H 1
| #define HAVE_UNISTD_H 1
| #define HAVE_SYS_TIME_H 1
| #define STDC_HEADERS 1
| #define HAVE_FLOAT_H 1
| #define HAVE_LIMITS_H 1
| #define HAVE_STDINT_H 1
| #define HAVE_STDLIB_H 1
| #define HAVE_STRING_H 1
| #define HAVE_STRINGS_H 1
| #define HAVE_SYS_TIMEB_H 1
| #define HAVE_UNISTD_H 1
| #define HAVE__BOOL 1
| #define HAVE_STDBOOL_H 1
| /* end confdefs.h.  */
| #include <stddef.h>
| #ifdef HAVE_STDIO_H
| # include <stdio.h>
| #endif
| #ifdef HAVE_STDLIB_H
| # include <stdlib.h>
| #endif
| #ifdef HAVE_STRING_H
| # include <string.h>
| #endif
| #ifdef HAVE_INTTYPES_H
| # include <inttypes.h>
| #endif
| #ifdef HAVE_STDINT_H
| # include <stdint.h>
| #endif
| #ifdef HAVE_STRINGS_H
| # include <strings.h>
| #endif
| #ifdef HAVE_SYS_TYPES_H
| # include <sys/types.h>
| #endif
| #ifdef HAVE_SYS_STAT_H
| # include <sys/stat.h>
| #endif
| #ifdef HAVE_UNISTD_H
| # include <unistd.h>
| #endif
| 	        enum { N = 8 / 2 - 1 };
| int
| main (void)
| {
| static int test_array [1 - 2 * !((int8_t) (((((int8_t) 1 << N) << N) - 1) * 2 + 1)
| 		 < (int8_t) (((((int8_t) 1 << N) << N) - 1) * 2 + 2))];
| test_array [0] = 0;
| return test_array [0];
| 
|   ;
|   return 0;
| }
configure:6189: result: yes
configure:6198: checking for uint16_t
configure:6198: gcc -c   conftest.c >&5
configure:6198: $? = 0
configure:6198: result: yes
configure:6208: checking for uint32_t
configure:6208: gcc -c   conftest.c >&5
configure:6208: $? = 0
configure:6208: result: yes
configure:6220: checking for uint64_t
configure:6220: gcc -c   conftest.c >&5
configure:6220: $? = 0
configure:6220: result: yes
configure:6232: checking for uint8_t
configure:6232: gcc -c   conftest.c >&5
configure:6232: $? = 0
configure:6232: result: yes
configure:6252: checking build system type
configure:6267: result: aarch64-unknown-linux-gnu
configure:6287: checking host system type
configure:6301: result: aarch64-unknown-linux-gnu
configure:6321: checking for GNU libc compatible malloc
configure:6353: gcc -o conftest    conftest.c  >&5
configure:6353: $? = 0
configure:6353: ./conftest
configure:6353: $? = 0
configure:6364: result: yes
configure:6391: checking for alarm
configure:6391: gcc -o conftest    conftest.c  >&5
configure:6391: $? = 0
configure:6391: result: yes
configure:6402: checking for working mktime
configure:6600: gcc -o conftest    conftest.c  >&5
configure:6600: $? = 0
configure:6600: ./conftest
configure:6600: $? = 0
configure:6611: result: yes
configure:6622: checking for GNU libc compatible realloc
configure:6654: gcc -o conftest    conftest.c  >&5
configure:6654: $? = 0
configure:6654: ./conftest
configure:6654: $? = 0
configure:6665: result: yes
configure:6687: checking for clock_gettime
configure:6687: gcc -o conftest    conftest.c  >&5
configure:6687: $? = 0
configure:6687: result: yes
configure:6693: checking for memset
configure:6693: gcc -o conftest    conftest.c  >&5
conftest.c:53:6: warning: conflicting types for built-in function 'memset'; expected 'void *(void *, int,  long unsigned int)' [-Wbuiltin-declaration-mismatch]
   53 | char memset ();
      |      ^~~~~~
conftest.c:45:1: note: 'memset' is declared in header '<string.h>'
   44 | #include <limits.h>
   45 | #undef memset
configure:6693: $? = 0
configure:6693: result: yes
configure:6699: checking for pow
configure:6699: gcc -o conftest    conftest.c  >&5
conftest.c:54:6: warning: conflicting types for built-in function 'pow'; expected 'double(double,  double)' [-Wbuiltin-declaration-mismatch]
   54 | char pow ();
      |      ^~~
conftest.c:46:1: note: 'pow' is declared in header '<math.h>'
   45 | #include <limits.h>
   46 | #undef pow
/usr/bin/ld: /tmp/cc395Hed.o: in function `main':
conftest.c:(.text+0x8): undefined reference to `pow'
collect2: error: ld returned 1 exit status
configure:6699: $? = 1
configure: failed program was:
| /* confdefs.h */
| #define PACKAGE_NAME "matiec"
| #define PACKAGE_TARNAME "matiec"
| #define PACKAGE_VERSION "0.1"
| #define PACKAGE_STRING "matiec 0.1"
| #define PACKAGE_BUGREPORT "msousa@fe.up.pt, beremiz-devel@lists.sourceforge.net"
| #define PACKAGE_URL ""
| #define PACKAGE "matiec"
| #define VERSION "0.1"
| #define YYTEXT_POINTER 1
| #define HAVE_STDIO_H 1
| #define HAVE_STDLIB_H 1
| #define HAVE_STRING_H 1
| #define HAVE_INTTYPES_H 1
| #define HAVE_STDINT_H 1
| #define HAVE_STRINGS_H 1
| #define HAVE_SYS_STAT_H 1
| #define HAVE_SYS_TYPES_H 1
| #define HAVE_UNISTD_H 1
| #define HAVE_SYS_TIME_H 1
| #define STDC_HEADERS 1
| #define HAVE_FLOAT_H 1
| #define HAVE_LIMITS_H 1
| #define HAVE_STDINT_H 1
| #define HAVE_STDLIB_H 1
| #define HAVE_STRING_H 1
| #define HAVE_STRINGS_H 1
| #define HAVE_SYS_TIMEB_H 1
| #define HAVE_UNISTD_H 1
| #define HAVE__BOOL 1
| #define HAVE_STDBOOL_H 1
| #define HAVE_MALLOC 1
| #define HAVE_ALARM 1
| #define HAVE_REALLOC 1
| #define HAVE_CLOCK_GETTIME 1
| #define HAVE_MEMSET 1
| /* end confdefs.h.  */
| /* Define pow to an innocuous variant, in case <limits.h> declares pow.
|    For example, HP-UX 11i <limits.h> declares gettimeofday.  */
| #define pow innocuous_pow
| 
| /* System header to define __stub macros and hopefully few prototypes,
|    which can conflict with char pow (); below.  */
| 
| #include <limits.h>
| #undef pow
| 
| /* Override any GCC internal prototype to avoid an error.
|    Use char because int might match the return type of a GCC
|    builtin and then its argument prototype would still apply.  */
| #ifdef __cplusplus
| extern "C"
| #endif
| char pow ();
| /* The GNU C library defines this for functions which it implements
|     to always fail with ENOSYS.  Some functions are actually named
|     something starting with __ and the normal name is an alias.  */
| #if defined __stub_pow || defined __stub___pow
| choke me
| #endif
| 
| int
| main (void)
| {
| return pow ();
|   ;
|   return 0;
| }
configure:6699: result: no
configure:6705: checking for strcasecmp
configure:6705: gcc -o conftest    conftest.c  >&5
conftest.c:54:6: warning: conflicting types for built-in function 'strcasecmp'; expected 'int(const char *, const char *)' [-Wbuiltin-declaration-mismatch]
   54 | char strcasecmp ();
      |      ^~~~~~~~~~
configure:6705: $? = 0
configure:6705: result: yes
configure:6711: checking for strdup
configure:6711: gcc -o conftest    conftest.c  >&5
conftest.c:55:6: warning: conflicting types for built-in function 'strdup'; expected 'char *(const char *)' [-Wbuiltin-declaration-mismatch]
   55 | char strdup ();
      |      ^~~~~~
configure:6711: $? = 0
configure:6711: result: yes
configure:6717: checking for strtoul
configure:6717: gcc -o conftest    conftest.c  >&5
configure:6717: $? = 0
configure:6717: result: yes
configure:6723: checking for strtoull
configure:6723: gcc -o conftest    conftest.c  >&5
configure:6723: $? = 0
configure:6723: result: yes
configure:6837: checking that generated files are newer than configure
configure:6843: result: done
configure:6870: creating ./config.status

## ---------------------- ##
## Running config.status. ##
## ---------------------- ##

This file was extended by matiec config.status 0.1, which was
generated by GNU Autoconf 2.71.  Invocation command line was

  CONFIG_FILES    = 
  CONFIG_HEADERS  = 
  CONFIG_LINKS    = 
  CONFIG_COMMANDS = 
  $ ./config.status 

on gespant

config.status:895: creating Makefile
config.status:895: creating absyntax/Makefile
config.status:895: creating absyntax_utils/Makefile
config.status:895: creating stage1_2/Makefile
config.status:895: creating stage3/Makefile
config.status:895: creating stage4/Makefile
config.status:895: creating stage4/generate_c/Makefile
config.status:895: creating stage4/generate_iec/Makefile
config.status:895: creating config/config.h
config.status:1124: executing depfiles commands
config.status:1201: cd .       && sed -e '/# am--include-marker/d' Makefile         | make -f - am--depfiles
config.status:1206: $? = 0
config.status:1201: cd absyntax       && sed -e '/# am--include-marker/d' Makefile         | make -f - am--depfiles
config.status:1206: $? = 0
config.status:1201: cd absyntax_utils       && sed -e '/# am--include-marker/d' Makefile         | make -f - am--depfiles
config.status:1206: $? = 0
config.status:1201: cd stage1_2       && sed -e '/# am--include-marker/d' Makefile         | make -f - am--depfiles
config.status:1206: $? = 0
config.status:1201: cd stage3       && sed -e '/# am--include-marker/d' Makefile         | make -f - am--depfiles
config.status:1206: $? = 0
config.status:1201: cd stage4/generate_c       && sed -e '/# am--include-marker/d' Makefile         | make -f - am--depfiles
config.status:1206: $? = 0
config.status:1201: cd stage4/generate_iec       && sed -e '/# am--include-marker/d' Makefile         | make -f - am--depfiles
config.status:1206: $? = 0

## ---------------- ##
## Cache variables. ##
## ---------------- ##

ac_cv_build=aarch64-unknown-linux-gnu
ac_cv_c_compiler_gnu=yes
ac_cv_c_inline=inline
ac_cv_c_int16_t=yes
ac_cv_c_int32_t=yes
ac_cv_c_int64_t=yes
ac_cv_c_int8_t=yes
ac_cv_c_uint16_t=yes
ac_cv_c_uint32_t=yes
ac_cv_c_uint64_t=yes
ac_cv_c_uint8_t=yes
ac_cv_cxx_compiler_gnu=yes
ac_cv_env_CCC_set=
ac_cv_env_CCC_value=
ac_cv_env_CC_set=
ac_cv_env_CC_value=
ac_cv_env_CFLAGS_set=
ac_cv_env_CFLAGS_value=
ac_cv_env_CPPFLAGS_set=
ac_cv_env_CPPFLAGS_value=
ac_cv_env_CXXFLAGS_set=
ac_cv_env_CXXFLAGS_value=
ac_cv_env_CXX_set=
ac_cv_env_CXX_value=
ac_cv_env_LDFLAGS_set=
ac_cv_env_LDFLAGS_value=
ac_cv_env_LIBS_set=
ac_cv_env_LIBS_value=
ac_cv_env_YACC_set=
ac_cv_env_YACC_value=
ac_cv_env_YFLAGS_set=
ac_cv_env_YFLAGS_value=
ac_cv_env_build_alias_set=
ac_cv_env_build_alias_value=
ac_cv_env_host_alias_set=
ac_cv_env_host_alias_value=
ac_cv_env_target_alias_set=
ac_cv_env_target_alias_value=
ac_cv_func_alarm=yes
ac_cv_func_clock_gettime=yes
ac_cv_func_malloc_0_nonnull=yes
ac_cv_func_memset=yes
ac_cv_func_pow=no
ac_cv_func_realloc_0_nonnull=yes
ac_cv_func_strcasecmp=yes
ac_cv_func_strdup=yes
ac_cv_func_strtoul=yes
ac_cv_func_strtoull=yes
ac_cv_func_working_mktime=yes
ac_cv_header_float_h=yes
ac_cv_header_inttypes_h=yes
ac_cv_header_limits_h=yes
ac_cv_header_stdbool_h=yes
ac_cv_header_stdint_h=yes
ac_cv_header_stdio_h=yes
ac_cv_header_stdlib_h=yes
ac_cv_header_string_h=yes
ac_cv_header_strings_h=yes
ac_cv_header_sys_stat_h=yes
ac_cv_header_sys_time_h=yes
ac_cv_header_sys_timeb_h=yes
ac_cv_header_sys_types_h=yes
ac_cv_header_unistd_h=yes
ac_cv_host=aarch64-unknown-linux-gnu
ac_cv_lib_lex='none needed'
ac_cv_objext=o
ac_cv_path_install='/usr/bin/install -c'
ac_cv_path_mkdir=/usr/bin/mkdir
ac_cv_prog_AWK=mawk
ac_cv_prog_LEX=flex
ac_cv_prog_YACC='bison -y'
ac_cv_prog_ac_ct_CC=gcc
ac_cv_prog_ac_ct_CXX=g++
ac_cv_prog_ac_ct_RANLIB=ranlib
ac_cv_prog_cc_c11=
ac_cv_prog_cc_g=yes
ac_cv_prog_cc_stdc=
ac_cv_prog_cxx_cxx11=
ac_cv_prog_cxx_g=yes
ac_cv_prog_cxx_stdcxx=
ac_cv_prog_lex_root=lex.yy
ac_cv_prog_lex_yytext_pointer=yes
ac_cv_prog_make_make_set=yes
ac_cv_search_yywrap=-ll
ac_cv_type__Bool=yes
am_cv_CC_dependencies_compiler_type=gcc3
am_cv_CXX_dependencies_compiler_type=gcc3
am_cv_make_support_nested_variables=yes
am_cv_prog_cc_c_o=yes

## ----------------- ##
## Output variables. ##
## ----------------- ##

ACLOCAL='aclocal-1.16'
AMDEPBACKSLASH='\'
AMDEP_FALSE='#'
AMDEP_TRUE=''
AMTAR='$${TAR-tar}'
AM_BACKSLASH='\'
AM_DEFAULT_V='$(AM_DEFAULT_VERBOSITY)'
AM_DEFAULT_VERBOSITY='1'
AM_V='$(V)'
AUTOCONF='autoconf'
AUTOHEADER='autoheader'
AUTOMAKE='automake-1.16'
AWK='mawk'
CC='gcc'
CCDEPMODE='depmode=gcc3'
CFLAGS=''
CPPFLAGS=''
CSCOPE='cscope'
CTAGS='ctags'
CXX='g++'
CXXDEPMODE='depmode=gcc3'
CXXFLAGS=''
CYGPATH_W='echo'
DEFS='-DHAVE_CONFIG_H'
DEPDIR='.deps'
ECHO_C=''
ECHO_N='-n'
ECHO_T=''
ETAGS='etags'
EXEEXT=''
INSTALL_DATA='${INSTALL} -m 644'
INSTALL_PROGRAM='${INSTALL}'
INSTALL_SCRIPT='${INSTALL}'
INSTALL_STRIP_PROGRAM='$(install_sh) -c -s'
LDFLAGS=''
LEX='flex'
LEXLIB='-ll '
LEX_OUTPUT_ROOT='lex.yy'
LIBOBJS=''
LIBS=''
LN_S='ln -s'
LTLIBOBJS=''
MAKEINFO='makeinfo'
MKDIR_P='/usr/bin/mkdir -p'
OBJEXT='o'
PACKAGE='matiec'
PACKAGE_BUGREPORT='msousa@fe.up.pt, beremiz-devel@lists.sourceforge.net'
PACKAGE_NAME='matiec'
PACKAGE_STRING='matiec 0.1'
PACKAGE_TARNAME='matiec'
PACKAGE_URL=''
PACKAGE_VERSION='0.1'
PATH_SEPARATOR=':'
RANLIB='ranlib'
SET_MAKE=''
SHELL='/bin/bash'
STRIP=''
VERSION='0.1'
YACC='bison -y'
YFLAGS=''
ac_ct_CC='gcc'
ac_ct_CXX='g++'
am__EXEEXT_FALSE=''
am__EXEEXT_TRUE='#'
am__fastdepCC_FALSE='#'
am__fastdepCC_TRUE=''
am__fastdepCXX_FALSE='#'
am__fastdepCXX_TRUE=''
am__include='include'
am__isrc=''
am__leading_dot='.'
am__nodep='_no'
am__quote=''
am__tar='$${TAR-tar} chof - "$$tardir"'
am__untar='$${TAR-tar} xf -'
bindir='${exec_prefix}/bin'
build='aarch64-unknown-linux-gnu'
build_alias=''
build_cpu='aarch64'
build_os='linux-gnu'
build_vendor='unknown'
datadir='${datarootdir}'
datarootdir='${prefix}/share'
docdir='${datarootdir}/doc/${PACKAGE_TARNAME}'
dvidir='${docdir}'
exec_prefix='${prefix}'
host='aarch64-unknown-linux-gnu'
host_alias=''
host_cpu='aarch64'
host_os='linux-gnu'
host_vendor='unknown'
htmldir='${docdir}'
includedir='${prefix}/include'
infodir='${datarootdir}/info'
install_sh='${SHELL} /root/OpenPLC_v3/utils/matiec_src/config/install-sh'
libdir='${exec_prefix}/lib'
libexecdir='${exec_prefix}/libexec'
localedir='${datarootdir}/locale'
localstatedir='${prefix}/var'
mandir='${datarootdir}/man'
mkdir_p='$(MKDIR_P)'
oldincludedir='/usr/include'
pdfdir='${docdir}'
prefix='/usr/local'
program_transform_name='s,x,x,'
psdir='${docdir}'
runstatedir='${localstatedir}/run'
sbindir='${exec_prefix}/sbin'
sharedstatedir='${prefix}/com'
sysconfdir='${prefix}/etc'
target_alias=''

## ----------- ##
## confdefs.h. ##
## ----------- ##

/* confdefs.h */
#define PACKAGE_NAME "matiec"
#define PACKAGE_TARNAME "matiec"
#define PACKAGE_VERSION "0.1"
#define PACKAGE_STRING "matiec 0.1"
#define PACKAGE_BUGREPORT "msousa@fe.up.pt, beremiz-devel@lists.sourceforge.net"
#define PACKAGE_URL ""
#define PACKAGE "matiec"
#define VERSION "0.1"
#define YYTEXT_POINTER 1
#define HAVE_STDIO_H 1
#define HAVE_STDLIB_H 1
#define HAVE_STRING_H 1
#define HAVE_INTTYPES_H 1
#define HAVE_STDINT_H 1
#define HAVE_STRINGS_H 1
#define HAVE_SYS_STAT_H 1
#define HAVE_SYS_TYPES_H 1
#define HAVE_UNISTD_H 1
#define HAVE_SYS_TIME_H 1
#define STDC_HEADERS 1
#define HAVE_FLOAT_H 1
#define HAVE_LIMITS_H 1
#define HAVE_STDINT_H 1
#define HAVE_STDLIB_H 1
#define HAVE_STRING_H 1
#define HAVE_STRINGS_H 1
#define HAVE_SYS_TIMEB_H 1
#define HAVE_UNISTD_H 1
#define HAVE__BOOL 1
#define HAVE_STDBOOL_H 1
#define HAVE_MALLOC 1
#define HAVE_ALARM 1
#define HAVE_REALLOC 1
#define HAVE_CLOCK_GETTIME 1
#define HAVE_MEMSET 1
#define HAVE_STRCASECMP 1
#define HAVE_STRDUP 1
#define HAVE_STRTOUL 1
#define HAVE_STRTOULL 1

configure: exit 0
